0 info it worked if it ends with ok
1 verbose cli [ '/usr/local/bin/node',
1 verbose cli   '/usr/local/bin/npm',
1 verbose cli   'install',
1 verbose cli   '--save' ]
2 info using npm@3.10.8
3 info using node@v6.9.1
4 silly loadCurrentTree Starting
5 silly install loadCurrentTree
6 silly install readLocalPackageData
7 silly install normalizeTree
8 silly loadCurrentTree Finishing
9 silly loadIdealTree Starting
10 silly install loadIdealTree
11 silly cloneCurrentTree Starting
12 silly install cloneCurrentTreeToIdealTree
13 silly cloneCurrentTree Finishing
14 silly loadShrinkwrap Starting
15 silly install loadShrinkwrap
16 silly loadShrinkwrap Finishing
17 silly loadAllDepsIntoIdealTree Starting
18 silly install loadAllDepsIntoIdealTree
19 silly fetchOtherPackageData ../../lib/apirequest@*
20 silly cache add args [ '../../lib/apirequest@*', null ]
21 verbose cache add spec ../../lib/apirequest@*
22 silly fetchOtherPackageData ../../lib/utils@*
23 silly cache add args [ '../../lib/utils@*', null ]
24 verbose cache add spec ../../lib/utils@*
25 silly cache add parsed spec Result {
25 silly cache add   raw: '../../lib/apirequest@*',
25 silly cache add   scope: null,
25 silly cache add   escapedName: null,
25 silly cache add   name: null,
25 silly cache add   rawSpec: '../../lib/apirequest@*',
25 silly cache add   spec: '/Users/chonggee/lib/apirequest@*',
25 silly cache add   type: 'local' }
26 silly cache add parsed spec Result {
26 silly cache add   raw: '../../lib/utils@*',
26 silly cache add   scope: null,
26 silly cache add   escapedName: null,
26 silly cache add   name: null,
26 silly cache add   rawSpec: '../../lib/utils@*',
26 silly cache add   spec: '/Users/chonggee/lib/utils@*',
26 silly cache add   type: 'local' }
27 error addLocal Could not install /Users/chonggee/lib/apirequest@*
28 silly fetchPackageMetaData Error: ENOENT: no such file or directory, open '/Users/chonggee/lib/apirequest@*'
28 silly fetchPackageMetaData     at Error (native)
28 silly fetchPackageMetaData  error for ../../lib/apirequest@* { Error: ENOENT: no such file or directory, open '/Users/chonggee/lib/apirequest@*'
28 silly fetchPackageMetaData     at Error (native)
28 silly fetchPackageMetaData   errno: -2,
28 silly fetchPackageMetaData   code: 'ENOENT',
28 silly fetchPackageMetaData   syscall: 'open',
28 silly fetchPackageMetaData   path: '/Users/chonggee/lib/apirequest@*' }
29 error addLocal Could not install /Users/chonggee/lib/utils@*
30 silly fetchPackageMetaData Error: ENOENT: no such file or directory, open '/Users/chonggee/lib/utils@*'
30 silly fetchPackageMetaData     at Error (native)
30 silly fetchPackageMetaData  error for ../../lib/utils@* { Error: ENOENT: no such file or directory, open '/Users/chonggee/lib/utils@*'
30 silly fetchPackageMetaData     at Error (native)
30 silly fetchPackageMetaData   errno: -2,
30 silly fetchPackageMetaData   code: 'ENOENT',
30 silly fetchPackageMetaData   syscall: 'open',
30 silly fetchPackageMetaData   path: '/Users/chonggee/lib/utils@*' }
31 silly rollbackFailedOptional Starting
32 silly rollbackFailedOptional Finishing
33 silly runTopLevelLifecycles Finishing
34 silly install printInstalled
35 verbose stack Error: ENOENT: no such file or directory, open '/Users/chonggee/lib/apirequest@*'
35 verbose stack     at Error (native)
36 verbose cwd /Users/chonggee/Desktop/gooCalTest
37 error Darwin 15.6.0
38 error argv "/usr/local/bin/node" "/usr/local/bin/npm" "install" "--save"
39 error node v6.9.1
40 error npm  v3.10.8
41 error path /Users/chonggee/lib/apirequest@*
42 error code ENOENT
43 error errno -2
44 error syscall open
45 error enoent ENOENT: no such file or directory, open '/Users/chonggee/lib/apirequest@*'
46 error enoent ENOENT: no such file or directory, open '/Users/chonggee/lib/apirequest@*'
46 error enoent This is most likely not a problem with npm itself
46 error enoent and is related to npm not being able to find a file.
47 verbose exit [ -2, true ]
